BEGIN 3:fifo_if:fast__1:work
    clk_rd :  1:tx_pkg:fast:work
    data_out :  1:tx_pkg:fast:work
    write_en :  1:tx_pkg:fast:work
    clk_wr :  1:tx_pkg:fast:work
    read_en :  1:tx_pkg:fast:work
    full :  1:tx_pkg:fast:work
    data_in :  1:tx_pkg:fast:work
    empty :  1:tx_pkg:fast:work
END 
BEGIN 3:fifo_if:fast__2:work
    clk_wr :  1:top:fast:work
    rst_n :  1:top:fast:work
    read_en :  1:top:fast:work
    data_out :  1:top:fast:work
    empty :  1:top:fast:work
    clk_rd :  1:top:fast:work
    write_en :  1:top:fast:work
    data_in :  1:top:fast:work
    full :  1:top:fast:work
END 
